2023-11-09 17:20:05 autoreload.run_with_reloader: Watching for file changes with StatReloader
2023-11-09 17:21:24 autoreload.trigger_reload: C:\Users\shenxiang.DAZHUANJIA\PycharmProjects\vote\vote\settings.py changed, reloading.
2023-11-09 17:21:26 autoreload.run_with_reloader: Watching for file changes with StatReloader
2023-11-09 17:24:06 autoreload.run_with_reloader: Watching for file changes with StatReloader
2023-11-09 17:26:05 autoreload.run_with_reloader: Watching for file changes with StatReloader
2023-11-09 17:28:25 autoreload.run_with_reloader: Watching for file changes with StatReloader
2023-11-09 17:34:52 autoreload.run_with_reloader: Watching for file changes with StatReloader
2023-11-09 17:37:13 autoreload.trigger_reload: C:\Users\shenxiang.DAZHUANJIA\PycharmProjects\vote\vote\settings.py changed, reloading.
2023-11-09 17:37:14 autoreload.run_with_reloader: Watching for file changes with StatReloader
2023-11-09 17:37:46 autoreload.trigger_reload: C:\Users\shenxiang.DAZHUANJIA\PycharmProjects\vote\vote\settings.py changed, reloading.
2023-11-09 17:37:47 autoreload.run_with_reloader: Watching for file changes with StatReloader
2023-11-09 17:38:44 autoreload.run_with_reloader: Watching for file changes with StatReloader
2023-11-09 17:39:03 log.log_response: Internal Server Error: /execl
Traceback (most recent call last):
  File "C:\Users\shenxiang.DAZHUANJIA\PycharmProjects\vote\venv\lib\site-packages\django\urls\base.py", line 71, in reverse
    extra, resolver = resolver.namespace_dict[ns]
KeyError: 'djdt'

During handling of the above exception, another exception occurred:

Traceback (most recent call last):
  File "C:\Users\shenxiang.DAZHUANJIA\PycharmProjects\vote\venv\lib\site-packages\django\core\handlers\exception.py", line 47, in inner
    response = get_response(request)
  File "C:\Users\shenxiang.DAZHUANJIA\PycharmProjects\vote\venv\lib\site-packages\debug_toolbar\middleware.py", line 74, in __call__
    rendered = toolbar.render_toolbar()
  File "C:\Users\shenxiang.DAZHUANJIA\PycharmProjects\vote\venv\lib\site-packages\debug_toolbar\toolbar.py", line 82, in render_toolbar
    return render_to_string("debug_toolbar/base.html", context)
  File "C:\Users\shenxiang.DAZHUANJIA\PycharmProjects\vote\venv\lib\site-packages\django\template\loader.py", line 62, in render_to_string
    return template.render(context, request)
  File "C:\Users\shenxiang.DAZHUANJIA\PycharmProjects\vote\venv\lib\site-packages\django\template\backends\django.py", line 61, in render
    return self.template.render(context)
  File "C:\Users\shenxiang.DAZHUANJIA\PycharmProjects\vote\venv\lib\site-packages\django\template\base.py", line 170, in render
    return self._render(context)
  File "C:\Users\shenxiang.DAZHUANJIA\PycharmProjects\vote\venv\lib\site-packages\django\test\utils.py", line 100, in instrumented_test_render
    return self.nodelist.render(context)
  File "C:\Users\shenxiang.DAZHUANJIA\PycharmProjects\vote\venv\lib\site-packages\django\template\base.py", line 938, in render
    bit = node.render_annotated(context)
  File "C:\Users\shenxiang.DAZHUANJIA\PycharmProjects\vote\venv\lib\site-packages\django\template\base.py", line 905, in render_annotated
    return self.render(context)
  File "C:\Users\shenxiang.DAZHUANJIA\PycharmProjects\vote\venv\lib\site-packages\django\template\defaulttags.py", line 315, in render
    return nodelist.render(context)
  File "C:\Users\shenxiang.DAZHUANJIA\PycharmProjects\vote\venv\lib\site-packages\django\template\base.py", line 938, in render
    bit = node.render_annotated(context)
  File "C:\Users\shenxiang.DAZHUANJIA\PycharmProjects\vote\venv\lib\site-packages\django\template\base.py", line 905, in render_annotated
    return self.render(context)
  File "C:\Users\shenxiang.DAZHUANJIA\PycharmProjects\vote\venv\lib\site-packages\django\template\defaulttags.py", line 449, in render
    url = reverse(view_name, args=args, kwargs=kwargs, current_app=current_app)
  File "C:\Users\shenxiang.DAZHUANJIA\PycharmProjects\vote\venv\lib\site-packages\django\urls\base.py", line 82, in reverse
    raise NoReverseMatch("%s is not a registered namespace" % key)
django.urls.exceptions.NoReverseMatch: 'djdt' is not a registered namespace
2023-11-09 17:39:03 basehttp.log_message: "GET /execl HTTP/1.1" 500 131659
2023-11-09 17:39:12 log.log_response: Internal Server Error: /excel/
Traceback (most recent call last):
  File "C:\Users\shenxiang.DAZHUANJIA\PycharmProjects\vote\venv\lib\site-packages\django\urls\base.py", line 71, in reverse
    extra, resolver = resolver.namespace_dict[ns]
KeyError: 'djdt'

During handling of the above exception, another exception occurred:

Traceback (most recent call last):
  File "C:\Users\shenxiang.DAZHUANJIA\PycharmProjects\vote\venv\lib\site-packages\django\core\handlers\exception.py", line 47, in inner
    response = get_response(request)
  File "C:\Users\shenxiang.DAZHUANJIA\PycharmProjects\vote\venv\lib\site-packages\debug_toolbar\middleware.py", line 74, in __call__
    rendered = toolbar.render_toolbar()
  File "C:\Users\shenxiang.DAZHUANJIA\PycharmProjects\vote\venv\lib\site-packages\debug_toolbar\toolbar.py", line 82, in render_toolbar
    return render_to_string("debug_toolbar/base.html", context)
  File "C:\Users\shenxiang.DAZHUANJIA\PycharmProjects\vote\venv\lib\site-packages\django\template\loader.py", line 62, in render_to_string
    return template.render(context, request)
  File "C:\Users\shenxiang.DAZHUANJIA\PycharmProjects\vote\venv\lib\site-packages\django\template\backends\django.py", line 61, in render
    return self.template.render(context)
  File "C:\Users\shenxiang.DAZHUANJIA\PycharmProjects\vote\venv\lib\site-packages\django\template\base.py", line 170, in render
    return self._render(context)
  File "C:\Users\shenxiang.DAZHUANJIA\PycharmProjects\vote\venv\lib\site-packages\django\test\utils.py", line 100, in instrumented_test_render
    return self.nodelist.render(context)
  File "C:\Users\shenxiang.DAZHUANJIA\PycharmProjects\vote\venv\lib\site-packages\django\template\base.py", line 938, in render
    bit = node.render_annotated(context)
  File "C:\Users\shenxiang.DAZHUANJIA\PycharmProjects\vote\venv\lib\site-packages\django\template\base.py", line 905, in render_annotated
    return self.render(context)
  File "C:\Users\shenxiang.DAZHUANJIA\PycharmProjects\vote\venv\lib\site-packages\django\template\defaulttags.py", line 315, in render
    return nodelist.render(context)
  File "C:\Users\shenxiang.DAZHUANJIA\PycharmProjects\vote\venv\lib\site-packages\django\template\base.py", line 938, in render
    bit = node.render_annotated(context)
  File "C:\Users\shenxiang.DAZHUANJIA\PycharmProjects\vote\venv\lib\site-packages\django\template\base.py", line 905, in render_annotated
    return self.render(context)
  File "C:\Users\shenxiang.DAZHUANJIA\PycharmProjects\vote\venv\lib\site-packages\django\template\defaulttags.py", line 449, in render
    url = reverse(view_name, args=args, kwargs=kwargs, current_app=current_app)
  File "C:\Users\shenxiang.DAZHUANJIA\PycharmProjects\vote\venv\lib\site-packages\django\urls\base.py", line 82, in reverse
    raise NoReverseMatch("%s is not a registered namespace" % key)
django.urls.exceptions.NoReverseMatch: 'djdt' is not a registered namespace
2023-11-09 17:39:12 basehttp.log_message: "GET /excel/ HTTP/1.1" 500 131532
2023-11-09 17:39:19 log.log_response: Internal Server Error: /
Traceback (most recent call last):
  File "C:\Users\shenxiang.DAZHUANJIA\PycharmProjects\vote\venv\lib\site-packages\django\urls\base.py", line 71, in reverse
    extra, resolver = resolver.namespace_dict[ns]
KeyError: 'djdt'

During handling of the above exception, another exception occurred:

Traceback (most recent call last):
  File "C:\Users\shenxiang.DAZHUANJIA\PycharmProjects\vote\venv\lib\site-packages\django\core\handlers\exception.py", line 47, in inner
    response = get_response(request)
  File "C:\Users\shenxiang.DAZHUANJIA\PycharmProjects\vote\venv\lib\site-packages\debug_toolbar\middleware.py", line 74, in __call__
    rendered = toolbar.render_toolbar()
  File "C:\Users\shenxiang.DAZHUANJIA\PycharmProjects\vote\venv\lib\site-packages\debug_toolbar\toolbar.py", line 82, in render_toolbar
    return render_to_string("debug_toolbar/base.html", context)
  File "C:\Users\shenxiang.DAZHUANJIA\PycharmProjects\vote\venv\lib\site-packages\django\template\loader.py", line 62, in render_to_string
    return template.render(context, request)
  File "C:\Users\shenxiang.DAZHUANJIA\PycharmProjects\vote\venv\lib\site-packages\django\template\backends\django.py", line 61, in render
    return self.template.render(context)
  File "C:\Users\shenxiang.DAZHUANJIA\PycharmProjects\vote\venv\lib\site-packages\django\template\base.py", line 170, in render
    return self._render(context)
  File "C:\Users\shenxiang.DAZHUANJIA\PycharmProjects\vote\venv\lib\site-packages\django\test\utils.py", line 100, in instrumented_test_render
    return self.nodelist.render(context)
  File "C:\Users\shenxiang.DAZHUANJIA\PycharmProjects\vote\venv\lib\site-packages\django\template\base.py", line 938, in render
    bit = node.render_annotated(context)
  File "C:\Users\shenxiang.DAZHUANJIA\PycharmProjects\vote\venv\lib\site-packages\django\template\base.py", line 905, in render_annotated
    return self.render(context)
  File "C:\Users\shenxiang.DAZHUANJIA\PycharmProjects\vote\venv\lib\site-packages\django\template\defaulttags.py", line 315, in render
    return nodelist.render(context)
  File "C:\Users\shenxiang.DAZHUANJIA\PycharmProjects\vote\venv\lib\site-packages\django\template\base.py", line 938, in render
    bit = node.render_annotated(context)
  File "C:\Users\shenxiang.DAZHUANJIA\PycharmProjects\vote\venv\lib\site-packages\django\template\base.py", line 905, in render_annotated
    return self.render(context)
  File "C:\Users\shenxiang.DAZHUANJIA\PycharmProjects\vote\venv\lib\site-packages\django\template\defaulttags.py", line 449, in render
    url = reverse(view_name, args=args, kwargs=kwargs, current_app=current_app)
  File "C:\Users\shenxiang.DAZHUANJIA\PycharmProjects\vote\venv\lib\site-packages\django\urls\base.py", line 82, in reverse
    raise NoReverseMatch("%s is not a registered namespace" % key)
django.urls.exceptions.NoReverseMatch: 'djdt' is not a registered namespace
2023-11-09 17:39:19 basehttp.log_message: "GET / HTTP/1.1" 500 131596
2023-11-09 17:39:58 autoreload.run_with_reloader: Watching for file changes with StatReloader
2023-11-09 17:40:12 log.log_response: Internal Server Error: /
Traceback (most recent call last):
  File "C:\Users\shenxiang.DAZHUANJIA\PycharmProjects\vote\venv\lib\site-packages\django\urls\base.py", line 71, in reverse
    extra, resolver = resolver.namespace_dict[ns]
KeyError: 'djdt'

During handling of the above exception, another exception occurred:

Traceback (most recent call last):
  File "C:\Users\shenxiang.DAZHUANJIA\PycharmProjects\vote\venv\lib\site-packages\django\core\handlers\exception.py", line 47, in inner
    response = get_response(request)
  File "C:\Users\shenxiang.DAZHUANJIA\PycharmProjects\vote\venv\lib\site-packages\debug_toolbar\middleware.py", line 74, in __call__
    rendered = toolbar.render_toolbar()
  File "C:\Users\shenxiang.DAZHUANJIA\PycharmProjects\vote\venv\lib\site-packages\debug_toolbar\toolbar.py", line 82, in render_toolbar
    return render_to_string("debug_toolbar/base.html", context)
  File "C:\Users\shenxiang.DAZHUANJIA\PycharmProjects\vote\venv\lib\site-packages\django\template\loader.py", line 62, in render_to_string
    return template.render(context, request)
  File "C:\Users\shenxiang.DAZHUANJIA\PycharmProjects\vote\venv\lib\site-packages\django\template\backends\django.py", line 61, in render
    return self.template.render(context)
  File "C:\Users\shenxiang.DAZHUANJIA\PycharmProjects\vote\venv\lib\site-packages\django\template\base.py", line 170, in render
    return self._render(context)
  File "C:\Users\shenxiang.DAZHUANJIA\PycharmProjects\vote\venv\lib\site-packages\django\test\utils.py", line 100, in instrumented_test_render
    return self.nodelist.render(context)
  File "C:\Users\shenxiang.DAZHUANJIA\PycharmProjects\vote\venv\lib\site-packages\django\template\base.py", line 938, in render
    bit = node.render_annotated(context)
  File "C:\Users\shenxiang.DAZHUANJIA\PycharmProjects\vote\venv\lib\site-packages\django\template\base.py", line 905, in render_annotated
    return self.render(context)
  File "C:\Users\shenxiang.DAZHUANJIA\PycharmProjects\vote\venv\lib\site-packages\django\template\defaulttags.py", line 315, in render
    return nodelist.render(context)
  File "C:\Users\shenxiang.DAZHUANJIA\PycharmProjects\vote\venv\lib\site-packages\django\template\base.py", line 938, in render
    bit = node.render_annotated(context)
  File "C:\Users\shenxiang.DAZHUANJIA\PycharmProjects\vote\venv\lib\site-packages\django\template\base.py", line 905, in render_annotated
    return self.render(context)
  File "C:\Users\shenxiang.DAZHUANJIA\PycharmProjects\vote\venv\lib\site-packages\django\template\defaulttags.py", line 449, in render
    url = reverse(view_name, args=args, kwargs=kwargs, current_app=current_app)
  File "C:\Users\shenxiang.DAZHUANJIA\PycharmProjects\vote\venv\lib\site-packages\django\urls\base.py", line 82, in reverse
    raise NoReverseMatch("%s is not a registered namespace" % key)
django.urls.exceptions.NoReverseMatch: 'djdt' is not a registered namespace
2023-11-09 17:40:12 basehttp.log_message: "GET / HTTP/1.1" 500 130944
2023-11-09 17:40:22 log.log_response: Internal Server Error: /
Traceback (most recent call last):
  File "C:\Users\shenxiang.DAZHUANJIA\PycharmProjects\vote\venv\lib\site-packages\django\urls\base.py", line 71, in reverse
    extra, resolver = resolver.namespace_dict[ns]
KeyError: 'djdt'

During handling of the above exception, another exception occurred:

Traceback (most recent call last):
  File "C:\Users\shenxiang.DAZHUANJIA\PycharmProjects\vote\venv\lib\site-packages\django\core\handlers\exception.py", line 47, in inner
    response = get_response(request)
  File "C:\Users\shenxiang.DAZHUANJIA\PycharmProjects\vote\venv\lib\site-packages\debug_toolbar\middleware.py", line 74, in __call__
    rendered = toolbar.render_toolbar()
  File "C:\Users\shenxiang.DAZHUANJIA\PycharmProjects\vote\venv\lib\site-packages\debug_toolbar\toolbar.py", line 82, in render_toolbar
    return render_to_string("debug_toolbar/base.html", context)
  File "C:\Users\shenxiang.DAZHUANJIA\PycharmProjects\vote\venv\lib\site-packages\django\template\loader.py", line 62, in render_to_string
    return template.render(context, request)
  File "C:\Users\shenxiang.DAZHUANJIA\PycharmProjects\vote\venv\lib\site-packages\django\template\backends\django.py", line 61, in render
    return self.template.render(context)
  File "C:\Users\shenxiang.DAZHUANJIA\PycharmProjects\vote\venv\lib\site-packages\django\template\base.py", line 170, in render
    return self._render(context)
  File "C:\Users\shenxiang.DAZHUANJIA\PycharmProjects\vote\venv\lib\site-packages\django\test\utils.py", line 100, in instrumented_test_render
    return self.nodelist.render(context)
  File "C:\Users\shenxiang.DAZHUANJIA\PycharmProjects\vote\venv\lib\site-packages\django\template\base.py", line 938, in render
    bit = node.render_annotated(context)
  File "C:\Users\shenxiang.DAZHUANJIA\PycharmProjects\vote\venv\lib\site-packages\django\template\base.py", line 905, in render_annotated
    return self.render(context)
  File "C:\Users\shenxiang.DAZHUANJIA\PycharmProjects\vote\venv\lib\site-packages\django\template\defaulttags.py", line 315, in render
    return nodelist.render(context)
  File "C:\Users\shenxiang.DAZHUANJIA\PycharmProjects\vote\venv\lib\site-packages\django\template\base.py", line 938, in render
    bit = node.render_annotated(context)
  File "C:\Users\shenxiang.DAZHUANJIA\PycharmProjects\vote\venv\lib\site-packages\django\template\base.py", line 905, in render_annotated
    return self.render(context)
  File "C:\Users\shenxiang.DAZHUANJIA\PycharmProjects\vote\venv\lib\site-packages\django\template\defaulttags.py", line 449, in render
    url = reverse(view_name, args=args, kwargs=kwargs, current_app=current_app)
  File "C:\Users\shenxiang.DAZHUANJIA\PycharmProjects\vote\venv\lib\site-packages\django\urls\base.py", line 82, in reverse
    raise NoReverseMatch("%s is not a registered namespace" % key)
django.urls.exceptions.NoReverseMatch: 'djdt' is not a registered namespace
2023-11-09 17:40:22 basehttp.log_message: "GET / HTTP/1.1" 500 130944
2023-11-09 17:41:58 log.log_response: Internal Server Error: /
Traceback (most recent call last):
  File "C:\Users\shenxiang.DAZHUANJIA\PycharmProjects\vote\venv\lib\site-packages\django\urls\base.py", line 71, in reverse
    extra, resolver = resolver.namespace_dict[ns]
KeyError: 'djdt'

During handling of the above exception, another exception occurred:

Traceback (most recent call last):
  File "C:\Users\shenxiang.DAZHUANJIA\PycharmProjects\vote\venv\lib\site-packages\django\core\handlers\exception.py", line 47, in inner
    response = get_response(request)
  File "C:\Users\shenxiang.DAZHUANJIA\PycharmProjects\vote\venv\lib\site-packages\debug_toolbar\middleware.py", line 74, in __call__
    rendered = toolbar.render_toolbar()
  File "C:\Users\shenxiang.DAZHUANJIA\PycharmProjects\vote\venv\lib\site-packages\debug_toolbar\toolbar.py", line 82, in render_toolbar
    return render_to_string("debug_toolbar/base.html", context)
  File "C:\Users\shenxiang.DAZHUANJIA\PycharmProjects\vote\venv\lib\site-packages\django\template\loader.py", line 62, in render_to_string
    return template.render(context, request)
  File "C:\Users\shenxiang.DAZHUANJIA\PycharmProjects\vote\venv\lib\site-packages\django\template\backends\django.py", line 61, in render
    return self.template.render(context)
  File "C:\Users\shenxiang.DAZHUANJIA\PycharmProjects\vote\venv\lib\site-packages\django\template\base.py", line 170, in render
    return self._render(context)
  File "C:\Users\shenxiang.DAZHUANJIA\PycharmProjects\vote\venv\lib\site-packages\django\test\utils.py", line 100, in instrumented_test_render
    return self.nodelist.render(context)
  File "C:\Users\shenxiang.DAZHUANJIA\PycharmProjects\vote\venv\lib\site-packages\django\template\base.py", line 938, in render
    bit = node.render_annotated(context)
  File "C:\Users\shenxiang.DAZHUANJIA\PycharmProjects\vote\venv\lib\site-packages\django\template\base.py", line 905, in render_annotated
    return self.render(context)
  File "C:\Users\shenxiang.DAZHUANJIA\PycharmProjects\vote\venv\lib\site-packages\django\template\defaulttags.py", line 315, in render
    return nodelist.render(context)
  File "C:\Users\shenxiang.DAZHUANJIA\PycharmProjects\vote\venv\lib\site-packages\django\template\base.py", line 938, in render
    bit = node.render_annotated(context)
  File "C:\Users\shenxiang.DAZHUANJIA\PycharmProjects\vote\venv\lib\site-packages\django\template\base.py", line 905, in render_annotated
    return self.render(context)
  File "C:\Users\shenxiang.DAZHUANJIA\PycharmProjects\vote\venv\lib\site-packages\django\template\defaulttags.py", line 449, in render
    url = reverse(view_name, args=args, kwargs=kwargs, current_app=current_app)
  File "C:\Users\shenxiang.DAZHUANJIA\PycharmProjects\vote\venv\lib\site-packages\django\urls\base.py", line 82, in reverse
    raise NoReverseMatch("%s is not a registered namespace" % key)
django.urls.exceptions.NoReverseMatch: 'djdt' is not a registered namespace
2023-11-09 17:41:58 basehttp.log_message: "GET / HTTP/1.1" 500 130944
2023-11-09 17:42:23 log.log_response: Internal Server Error: /
Traceback (most recent call last):
  File "C:\Users\shenxiang.DAZHUANJIA\PycharmProjects\vote\venv\lib\site-packages\django\urls\base.py", line 71, in reverse
    extra, resolver = resolver.namespace_dict[ns]
KeyError: 'djdt'

During handling of the above exception, another exception occurred:

Traceback (most recent call last):
  File "C:\Users\shenxiang.DAZHUANJIA\PycharmProjects\vote\venv\lib\site-packages\django\core\handlers\exception.py", line 47, in inner
    response = get_response(request)
  File "C:\Users\shenxiang.DAZHUANJIA\PycharmProjects\vote\venv\lib\site-packages\debug_toolbar\middleware.py", line 74, in __call__
    rendered = toolbar.render_toolbar()
  File "C:\Users\shenxiang.DAZHUANJIA\PycharmProjects\vote\venv\lib\site-packages\debug_toolbar\toolbar.py", line 82, in render_toolbar
    return render_to_string("debug_toolbar/base.html", context)
  File "C:\Users\shenxiang.DAZHUANJIA\PycharmProjects\vote\venv\lib\site-packages\django\template\loader.py", line 62, in render_to_string
    return template.render(context, request)
  File "C:\Users\shenxiang.DAZHUANJIA\PycharmProjects\vote\venv\lib\site-packages\django\template\backends\django.py", line 61, in render
    return self.template.render(context)
  File "C:\Users\shenxiang.DAZHUANJIA\PycharmProjects\vote\venv\lib\site-packages\django\template\base.py", line 170, in render
    return self._render(context)
  File "C:\Users\shenxiang.DAZHUANJIA\PycharmProjects\vote\venv\lib\site-packages\django\test\utils.py", line 100, in instrumented_test_render
    return self.nodelist.render(context)
  File "C:\Users\shenxiang.DAZHUANJIA\PycharmProjects\vote\venv\lib\site-packages\django\template\base.py", line 938, in render
    bit = node.render_annotated(context)
  File "C:\Users\shenxiang.DAZHUANJIA\PycharmProjects\vote\venv\lib\site-packages\django\template\base.py", line 905, in render_annotated
    return self.render(context)
  File "C:\Users\shenxiang.DAZHUANJIA\PycharmProjects\vote\venv\lib\site-packages\django\template\defaulttags.py", line 315, in render
    return nodelist.render(context)
  File "C:\Users\shenxiang.DAZHUANJIA\PycharmProjects\vote\venv\lib\site-packages\django\template\base.py", line 938, in render
    bit = node.render_annotated(context)
  File "C:\Users\shenxiang.DAZHUANJIA\PycharmProjects\vote\venv\lib\site-packages\django\template\base.py", line 905, in render_annotated
    return self.render(context)
  File "C:\Users\shenxiang.DAZHUANJIA\PycharmProjects\vote\venv\lib\site-packages\django\template\defaulttags.py", line 449, in render
    url = reverse(view_name, args=args, kwargs=kwargs, current_app=current_app)
  File "C:\Users\shenxiang.DAZHUANJIA\PycharmProjects\vote\venv\lib\site-packages\django\urls\base.py", line 82, in reverse
    raise NoReverseMatch("%s is not a registered namespace" % key)
django.urls.exceptions.NoReverseMatch: 'djdt' is not a registered namespace
2023-11-09 17:42:23 basehttp.log_message: "GET / HTTP/1.1" 500 130944
2023-11-09 17:43:59 autoreload.run_with_reloader: Watching for file changes with StatReloader
2023-11-09 17:45:22 autoreload.run_with_reloader: Watching for file changes with StatReloader
2023-11-09 17:45:41 autoreload.run_with_reloader: Watching for file changes with StatReloader
2023-11-09 17:51:44 autoreload.run_with_reloader: Watching for file changes with StatReloader
2023-11-09 17:51:53 log.log_response: Internal Server Error: /
Traceback (most recent call last):
  File "C:\Users\shenxiang.DAZHUANJIA\PycharmProjects\vote\venv\lib\site-packages\django\urls\base.py", line 71, in reverse
    extra, resolver = resolver.namespace_dict[ns]
KeyError: 'djdt'

During handling of the above exception, another exception occurred:

Traceback (most recent call last):
  File "C:\Users\shenxiang.DAZHUANJIA\PycharmProjects\vote\venv\lib\site-packages\django\core\handlers\exception.py", line 47, in inner
    response = get_response(request)
  File "C:\Users\shenxiang.DAZHUANJIA\PycharmProjects\vote\venv\lib\site-packages\debug_toolbar\middleware.py", line 74, in __call__
    rendered = toolbar.render_toolbar()
  File "C:\Users\shenxiang.DAZHUANJIA\PycharmProjects\vote\venv\lib\site-packages\debug_toolbar\toolbar.py", line 82, in render_toolbar
    return render_to_string("debug_toolbar/base.html", context)
  File "C:\Users\shenxiang.DAZHUANJIA\PycharmProjects\vote\venv\lib\site-packages\django\template\loader.py", line 62, in render_to_string
    return template.render(context, request)
  File "C:\Users\shenxiang.DAZHUANJIA\PycharmProjects\vote\venv\lib\site-packages\django\template\backends\django.py", line 61, in render
    return self.template.render(context)
  File "C:\Users\shenxiang.DAZHUANJIA\PycharmProjects\vote\venv\lib\site-packages\django\template\base.py", line 170, in render
    return self._render(context)
  File "C:\Users\shenxiang.DAZHUANJIA\PycharmProjects\vote\venv\lib\site-packages\django\test\utils.py", line 100, in instrumented_test_render
    return self.nodelist.render(context)
  File "C:\Users\shenxiang.DAZHUANJIA\PycharmProjects\vote\venv\lib\site-packages\django\template\base.py", line 938, in render
    bit = node.render_annotated(context)
  File "C:\Users\shenxiang.DAZHUANJIA\PycharmProjects\vote\venv\lib\site-packages\django\template\base.py", line 905, in render_annotated
    return self.render(context)
  File "C:\Users\shenxiang.DAZHUANJIA\PycharmProjects\vote\venv\lib\site-packages\django\template\defaulttags.py", line 315, in render
    return nodelist.render(context)
  File "C:\Users\shenxiang.DAZHUANJIA\PycharmProjects\vote\venv\lib\site-packages\django\template\base.py", line 938, in render
    bit = node.render_annotated(context)
  File "C:\Users\shenxiang.DAZHUANJIA\PycharmProjects\vote\venv\lib\site-packages\django\template\base.py", line 905, in render_annotated
    return self.render(context)
  File "C:\Users\shenxiang.DAZHUANJIA\PycharmProjects\vote\venv\lib\site-packages\django\template\defaulttags.py", line 449, in render
    url = reverse(view_name, args=args, kwargs=kwargs, current_app=current_app)
  File "C:\Users\shenxiang.DAZHUANJIA\PycharmProjects\vote\venv\lib\site-packages\django\urls\base.py", line 82, in reverse
    raise NoReverseMatch("%s is not a registered namespace" % key)
django.urls.exceptions.NoReverseMatch: 'djdt' is not a registered namespace
2023-11-09 17:51:53 basehttp.log_message: "GET / HTTP/1.1" 500 130944
2023-11-09 17:54:32 autoreload.trigger_reload: C:\Users\shenxiang.DAZHUANJIA\PycharmProjects\vote\vote\settings.py changed, reloading.
2023-11-09 17:54:33 autoreload.run_with_reloader: Watching for file changes with StatReloader
2023-11-09 17:54:45 autoreload.run_with_reloader: Watching for file changes with StatReloader
2023-11-09 17:55:37 autoreload.run_with_reloader: Watching for file changes with StatReloader
2023-11-09 17:58:13 autoreload.run_with_reloader: Watching for file changes with StatReloader
2023-11-09 17:59:10 autoreload.run_with_reloader: Watching for file changes with StatReloader
2023-11-09 17:59:43 autoreload.run_with_reloader: Watching for file changes with StatReloader
2023-11-09 18:00:11 autoreload.run_with_reloader: Watching for file changes with StatReloader
2023-11-09 18:00:14 autoreload.trigger_reload: C:\Users\shenxiang.DAZHUANJIA\PycharmProjects\vote\vote\urls.py changed, reloading.
2023-11-09 18:00:15 autoreload.run_with_reloader: Watching for file changes with StatReloader
2023-11-09 18:00:17 basehttp.log_message: "GET / HTTP/1.1" 200 11236
2023-11-09 18:00:17 basehttp.log_message: "GET /static/debug_toolbar/css/toolbar.css HTTP/1.1" 200 12621
2023-11-09 18:00:17 basehttp.log_message: "GET /static/debug_toolbar/js/toolbar.js HTTP/1.1" 200 13404
2023-11-09 18:00:17 basehttp.log_message: "GET /static/debug_toolbar/css/print.css HTTP/1.1" 200 43
2023-11-09 18:00:17 basehttp.log_message: "GET /static/debug_toolbar/js/utils.js HTTP/1.1" 200 4527
2023-11-09 18:00:18 basehttp.log_message: "GET /captcha/ HTTP/1.1" 200 3736
2023-11-09 18:00:22 basehttp.log_message: "GET /__debug__/render_panel/?store_id=a26a1d3f571e41b9a5b522b5f7bb55fc&panel_id=SQLPanel HTTP/1.1" 200 36288
2023-11-09 18:00:30 basehttp.log_message: "GET /excel/ HTTP/1.1" 200 5632
2023-11-09 18:00:40 basehttp.log_message: "GET / HTTP/1.1" 200 11236
2023-11-09 18:00:40 basehttp.log_message: "GET /captcha/ HTTP/1.1" 200 4383
2023-11-09 18:00:47 basehttp.log_message: "GET /excel/ HTTP/1.1" 200 5632
2023-11-09 18:00:52 basehttp.log_message: "GET /__debug__/render_panel/?store_id=db702923a5a64b71860ac2c3a8f911f4&panel_id=SQLPanel HTTP/1.1" 200 36288
2023-11-09 18:00:59 basehttp.log_message: "GET /excel/ HTTP/1.1" 200 5632
2023-11-09 18:02:49 autoreload.trigger_reload: C:\Users\shenxiang.DAZHUANJIA\PycharmProjects\vote\vote\urls.py changed, reloading.
2023-11-09 18:02:51 autoreload.run_with_reloader: Watching for file changes with StatReloader
2023-11-09 18:03:15 log.log_response: Internal Server Error: /teachers/
Traceback (most recent call last):
  File "C:\Users\shenxiang.DAZHUANJIA\PycharmProjects\vote\venv\lib\site-packages\django\core\handlers\exception.py", line 47, in inner
    response = get_response(request)
  File "C:\Users\shenxiang.DAZHUANJIA\PycharmProjects\vote\venv\lib\site-packages\django\core\handlers\base.py", line 181, in _get_response
    response = wrapped_callback(request, *callback_args, **callback_kwargs)
  File "C:\Users\shenxiang.DAZHUANJIA\PycharmProjects\vote\polls\views.py", line 24, in show_teachers
    sno = int(request.GET.get('sno'))
TypeError: int() argument must be a string, a bytes-like object or a number, not 'NoneType'
2023-11-09 18:03:15 basehttp.log_message: "GET /teachers/ HTTP/1.1" 500 75753
2023-11-09 18:03:27 basehttp.log_message: "GET /teachers HTTP/1.1" 301 0
2023-11-09 18:03:27 log.log_response: Internal Server Error: /teachers/
Traceback (most recent call last):
  File "C:\Users\shenxiang.DAZHUANJIA\PycharmProjects\vote\venv\lib\site-packages\django\core\handlers\exception.py", line 47, in inner
    response = get_response(request)
  File "C:\Users\shenxiang.DAZHUANJIA\PycharmProjects\vote\venv\lib\site-packages\django\core\handlers\base.py", line 181, in _get_response
    response = wrapped_callback(request, *callback_args, **callback_kwargs)
  File "C:\Users\shenxiang.DAZHUANJIA\PycharmProjects\vote\polls\views.py", line 24, in show_teachers
    sno = int(request.GET.get('sno'))
TypeError: int() argument must be a string, a bytes-like object or a number, not 'NoneType'
2023-11-09 18:03:27 basehttp.log_message: "GET /teachers/ HTTP/1.1" 500 75753
2023-11-09 18:03:32 basehttp.log_message: "GET /subjects HTTP/1.1" 200 11162
2023-11-09 18:03:33 basehttp.log_message: "GET /static/images/hot-icon-small.png HTTP/1.1" 404 1834
2023-11-09 18:03:35 basehttp.log_message: "GET /teachers/?sno=1 HTTP/1.1" 200 11607
2023-11-09 18:03:35 basehttp.log_message: "GET /static/images/OIP-C.jpg HTTP/1.1" 304 0
2023-11-09 18:03:40 basehttp.log_message: "GET /teachers/?sno=1 HTTP/1.1" 200 11607
2023-11-09 18:03:48 basehttp.log_message: "GET /__debug__/render_panel/?store_id=caf23bb632d24470a945a244e42aa4c2&panel_id=SQLPanel HTTP/1.1" 200 50051
2023-11-09 18:04:06 basehttp.log_message: "GET /__debug__/render_panel/?store_id=caf23bb632d24470a945a244e42aa4c2&panel_id=RequestPanel HTTP/1.1" 200 2493
2023-11-09 18:04:07 basehttp.log_message: "GET /__debug__/render_panel/?store_id=caf23bb632d24470a945a244e42aa4c2&panel_id=SettingsPanel HTTP/1.1" 200 27573
2023-11-09 18:04:09 basehttp.log_message: "GET /__debug__/render_panel/?store_id=caf23bb632d24470a945a244e42aa4c2&panel_id=VersionsPanel HTTP/1.1" 200 622
2023-11-09 18:04:10 basehttp.log_message: "GET /__debug__/render_panel/?store_id=caf23bb632d24470a945a244e42aa4c2&panel_id=HistoryPanel HTTP/1.1" 200 8648
2023-11-09 18:04:10 basehttp.log_message: "GET /static/debug_toolbar/js/history.js HTTP/1.1" 200 3330
2023-11-09 18:04:13 basehttp.log_message: "GET /__debug__/render_panel/?store_id=caf23bb632d24470a945a244e42aa4c2&panel_id=StaticFilesPanel HTTP/1.1" 200 36455
2023-11-09 18:04:14 basehttp.log_message: "GET /__debug__/render_panel/?store_id=caf23bb632d24470a945a244e42aa4c2&panel_id=TemplatesPanel HTTP/1.1" 200 5838
2023-11-09 18:04:14 basehttp.log_message: "GET /__debug__/render_panel/?store_id=caf23bb632d24470a945a244e42aa4c2&panel_id=CachePanel HTTP/1.1" 200 1418
2023-11-09 18:04:14 basehttp.log_message: "GET /__debug__/render_panel/?store_id=caf23bb632d24470a945a244e42aa4c2&panel_id=SignalsPanel HTTP/1.1" 200 2193
2023-11-09 18:04:21 basehttp.log_message: "GET /excel/ HTTP/1.1" 200 5632
2023-11-09 18:28:05 autoreload.trigger_reload: C:\Users\shenxiang.DAZHUANJIA\PycharmProjects\vote\polls\views.py changed, reloading.
2023-11-09 18:28:06 autoreload.run_with_reloader: Watching for file changes with StatReloader
2023-11-09 18:28:53 autoreload.trigger_reload: C:\Users\shenxiang.DAZHUANJIA\PycharmProjects\vote\polls\views.py changed, reloading.
2023-11-09 18:28:54 autoreload.run_with_reloader: Watching for file changes with StatReloader
2023-11-10 10:34:49 autoreload.trigger_reload: C:\Users\shenxiang.DAZHUANJIA\PycharmProjects\vote\polls\views.py changed, reloading.
2023-11-10 10:34:50 autoreload.run_with_reloader: Watching for file changes with StatReloader
2023-11-10 10:34:53 autoreload.trigger_reload: C:\Users\shenxiang.DAZHUANJIA\PycharmProjects\vote\polls\views.py changed, reloading.
2023-11-10 10:34:54 autoreload.run_with_reloader: Watching for file changes with StatReloader
2023-11-10 10:35:58 autoreload.trigger_reload: C:\Users\shenxiang.DAZHUANJIA\PycharmProjects\vote\polls\views.py changed, reloading.
2023-11-10 10:35:59 autoreload.run_with_reloader: Watching for file changes with StatReloader
2023-11-10 10:36:49 autoreload.trigger_reload: C:\Users\shenxiang.DAZHUANJIA\PycharmProjects\vote\polls\views.py changed, reloading.
2023-11-10 10:36:51 autoreload.run_with_reloader: Watching for file changes with StatReloader
2023-11-10 10:48:42 autoreload.trigger_reload: C:\Users\shenxiang.DAZHUANJIA\PycharmProjects\vote\vote\settings.py changed, reloading.
2023-11-10 10:48:43 autoreload.run_with_reloader: Watching for file changes with StatReloader
2023-11-10 10:50:21 autoreload.trigger_reload: C:\Users\shenxiang.DAZHUANJIA\PycharmProjects\vote\vote\urls.py changed, reloading.
2023-11-10 10:50:22 autoreload.run_with_reloader: Watching for file changes with StatReloader
2023-11-10 10:50:34 autoreload.trigger_reload: C:\Users\shenxiang.DAZHUANJIA\PycharmProjects\vote\vote\urls.py changed, reloading.
2023-11-10 10:50:35 autoreload.run_with_reloader: Watching for file changes with StatReloader
2023-11-10 10:51:03 autoreload.trigger_reload: C:\Users\shenxiang.DAZHUANJIA\PycharmProjects\vote\vote\urls.py changed, reloading.
2023-11-10 10:51:04 autoreload.run_with_reloader: Watching for file changes with StatReloader
2023-11-10 10:52:15 autoreload.trigger_reload: C:\Users\shenxiang.DAZHUANJIA\PycharmProjects\vote\polls\views.py changed, reloading.
2023-11-10 10:52:16 autoreload.run_with_reloader: Watching for file changes with StatReloader
2023-11-10 10:52:30 autoreload.trigger_reload: C:\Users\shenxiang.DAZHUANJIA\PycharmProjects\vote\polls\views.py changed, reloading.
2023-11-10 10:52:31 autoreload.run_with_reloader: Watching for file changes with StatReloader
2023-11-10 10:52:41 autoreload.trigger_reload: C:\Users\shenxiang.DAZHUANJIA\PycharmProjects\vote\polls\views.py changed, reloading.
2023-11-10 10:52:42 autoreload.run_with_reloader: Watching for file changes with StatReloader
2023-11-10 11:02:39 autoreload.trigger_reload: C:\Users\shenxiang.DAZHUANJIA\PycharmProjects\vote\vote\urls.py changed, reloading.
2023-11-10 11:02:40 autoreload.run_with_reloader: Watching for file changes with StatReloader
2023-11-10 11:03:03 autoreload.run_with_reloader: Watching for file changes with StatReloader
2023-11-10 11:03:24 autoreload.run_with_reloader: Watching for file changes with StatReloader
2023-11-10 11:03:34 basehttp.log_message: "GET /teachers/?sno=1 HTTP/1.1" 200 11607
2023-11-10 11:03:34 basehttp.log_message: "GET /static/images/OIP-C.jpg HTTP/1.1" 304 0
2023-11-10 11:03:34 basehttp.log_message: "GET /static/debug_toolbar/css/toolbar.css HTTP/1.1" 304 0
2023-11-10 11:03:34 basehttp.log_message: "GET /static/debug_toolbar/js/toolbar.js HTTP/1.1" 304 0
2023-11-10 11:03:34 basehttp.log_message: "GET /static/debug_toolbar/css/print.css HTTP/1.1" 304 0
2023-11-10 11:03:34 basehttp.log_message: "GET /static/debug_toolbar/js/utils.js HTTP/1.1" 304 0
2023-11-10 11:03:54 basehttp.log_message: "GET /api/subject2/ HTTP/1.1" 200 582
2023-11-10 11:04:24 autoreload.trigger_reload: C:\Users\shenxiang.DAZHUANJIA\PycharmProjects\vote\vote\urls.py changed, reloading.
2023-11-10 11:04:26 autoreload.run_with_reloader: Watching for file changes with StatReloader
2023-11-10 11:04:28 log.log_response: Not Found: /api/subject2/
2023-11-10 11:04:28 basehttp.log_message: "GET /api/subject2/ HTTP/1.1" 404 12165
2023-11-10 11:04:30 log.log_response: Not Found: /api/subject2/
2023-11-10 11:04:30 basehttp.log_message: "GET /api/subject2/ HTTP/1.1" 404 12165
2023-11-10 11:04:31 log.log_response: Not Found: /api/subject2/
2023-11-10 11:04:31 basehttp.log_message: "GET /api/subject2/ HTTP/1.1" 404 12165
2023-11-10 11:04:31 log.log_response: Not Found: /api/subject2/
2023-11-10 11:04:31 basehttp.log_message: "GET /api/subject2/ HTTP/1.1" 404 12165
2023-11-10 11:04:32 log.log_response: Not Found: /api/subject2/
2023-11-10 11:04:32 basehttp.log_message: "GET /api/subject2/ HTTP/1.1" 404 12165
2023-11-10 11:04:34 log.log_response: Not Found: /api/subjects
2023-11-10 11:04:34 basehttp.log_message: "GET /api/subjects HTTP/1.1" 404 12161
2023-11-10 11:04:41 basehttp.log_message: "GET /subjects HTTP/1.1" 200 582
2023-11-10 11:06:29 autoreload.trigger_reload: C:\Users\shenxiang.DAZHUANJIA\PycharmProjects\vote\polls\views.py changed, reloading.
2023-11-10 11:06:30 autoreload.run_with_reloader: Watching for file changes with StatReloader
2023-11-10 11:06:32 basehttp.log_message: "GET /subjects HTTP/1.1" 200 10121
2023-11-10 11:06:33 basehttp.log_message: "GET /static/images/hot-icon-small.png HTTP/1.1" 404 1834
2023-11-10 11:06:34 log.log_response: Not Found: /api/subjects/
2023-11-10 11:06:34 basehttp.log_message: "GET /api/subjects/ HTTP/1.1" 404 12165
2023-11-10 11:07:38 autoreload.trigger_reload: C:\Users\shenxiang.DAZHUANJIA\PycharmProjects\vote\polls\views.py changed, reloading.
2023-11-10 11:07:40 autoreload.run_with_reloader: Watching for file changes with StatReloader
2023-11-10 11:07:42 basehttp.log_message: "GET /subjects HTTP/1.1" 200 582
2023-11-10 11:32:52 autoreload.trigger_reload: C:\Users\shenxiang.DAZHUANJIA\PycharmProjects\vote\vote\settings.py changed, reloading.
2023-11-10 11:32:53 autoreload.run_with_reloader: Watching for file changes with StatReloader
2023-11-10 11:33:08 autoreload.trigger_reload: C:\Users\shenxiang.DAZHUANJIA\PycharmProjects\vote\vote\settings.py changed, reloading.
2023-11-10 11:33:10 autoreload.run_with_reloader: Watching for file changes with StatReloader
2023-11-10 15:35:27 autoreload.trigger_reload: C:\Users\shenxiang.DAZHUANJIA\PycharmProjects\vote\polls\views.py changed, reloading.
2023-11-10 15:35:28 autoreload.run_with_reloader: Watching for file changes with StatReloader
2023-11-10 15:40:30 autoreload.trigger_reload: C:\Users\shenxiang.DAZHUANJIA\PycharmProjects\vote\polls\views.py changed, reloading.
2023-11-10 15:40:31 autoreload.run_with_reloader: Watching for file changes with StatReloader
2023-11-10 15:40:58 autoreload.trigger_reload: C:\Users\shenxiang.DAZHUANJIA\PycharmProjects\vote\polls\views.py changed, reloading.
2023-11-10 15:41:00 autoreload.run_with_reloader: Watching for file changes with StatReloader
2023-11-10 15:41:08 autoreload.trigger_reload: C:\Users\shenxiang.DAZHUANJIA\PycharmProjects\vote\polls\views.py changed, reloading.
2023-11-10 15:41:09 autoreload.run_with_reloader: Watching for file changes with StatReloader
2023-11-10 15:42:18 autoreload.trigger_reload: C:\Users\shenxiang.DAZHUANJIA\PycharmProjects\vote\vote\urls.py changed, reloading.
2023-11-10 15:42:19 autoreload.run_with_reloader: Watching for file changes with StatReloader
2023-11-10 15:42:28 autoreload.trigger_reload: C:\Users\shenxiang.DAZHUANJIA\PycharmProjects\vote\vote\urls.py changed, reloading.
2023-11-10 15:42:29 autoreload.run_with_reloader: Watching for file changes with StatReloader
2023-11-10 15:42:38 autoreload.run_with_reloader: Watching for file changes with StatReloader
2023-11-10 15:42:50 log.log_response: Not Found: /subjects
2023-11-10 15:42:50 basehttp.log_message: "GET /subjects HTTP/1.1" 404 12154
2023-11-10 15:42:50 basehttp.log_message: "GET /static/debug_toolbar/css/toolbar.css HTTP/1.1" 304 0
2023-11-10 15:42:50 basehttp.log_message: "GET /static/debug_toolbar/css/print.css HTTP/1.1" 304 0
2023-11-10 15:42:50 basehttp.log_message: "GET /static/debug_toolbar/js/toolbar.js HTTP/1.1" 304 0
2023-11-10 15:42:50 basehttp.log_message: "GET /static/debug_toolbar/js/utils.js HTTP/1.1" 304 0
2023-11-10 15:42:55 basehttp.log_message: "GET / HTTP/1.1" 200 11236
2023-11-10 15:42:56 basehttp.log_message: "GET /captcha/ HTTP/1.1" 200 4251
2023-11-10 15:43:07 log.log_response: Not Found: /api/teachers/
2023-11-10 15:43:07 basehttp.log_message: "GET /api/teachers/ HTTP/1.1" 404 14243
2023-11-10 15:43:07 basehttp.log_message: "GET /static/rest_framework/css/bootstrap.min.css HTTP/1.1" 200 121457
2023-11-10 15:43:07 basehttp.log_message: "GET /static/rest_framework/css/bootstrap-tweaks.css HTTP/1.1" 200 3385
2023-11-10 15:43:07 basehttp.log_message: "GET /static/rest_framework/css/prettify.css HTTP/1.1" 200 817
2023-11-10 15:43:07 basehttp.log_message: "GET /static/rest_framework/css/default.css HTTP/1.1" 200 1152
2023-11-10 15:43:07 basehttp.log_message: "GET /static/rest_framework/js/jquery-3.5.1.min.js HTTP/1.1" 200 89476
2023-11-10 15:43:08 basehttp.log_message: "GET /static/rest_framework/js/ajax-form.js HTTP/1.1" 200 3597
2023-11-10 15:43:08 basehttp.log_message: "GET /static/rest_framework/js/csrf.js HTTP/1.1" 200 1719
2023-11-10 15:43:08 basehttp.log_message: "GET /static/rest_framework/js/prettify-min.js HTTP/1.1" 200 13632
2023-11-10 15:43:08 basehttp.log_message: "GET /static/rest_framework/js/default.js HTTP/1.1" 200 1268
2023-11-10 15:43:08 basehttp.log_message: "GET /static/rest_framework/js/bootstrap.min.js HTTP/1.1" 200 39680
2023-11-10 15:43:08 basehttp.log_message: "GET /static/rest_framework/img/grid.png HTTP/1.1" 200 1458
2023-11-10 15:43:36 log.log_response: Not Found: /api/subject/
2023-11-10 15:43:36 basehttp.log_message: "GET /api/subject/ HTTP/1.1" 404 12170
2023-11-10 15:43:41 basehttp.log_message: "GET /api/subjects/ HTTP/1.1" 200 15055
2023-11-10 15:44:27 log.log_response: Not Found: /api/teachers/
2023-11-10 15:44:27 basehttp.log_message: "GET /api/teachers/ HTTP/1.1" 404 14243
2023-11-10 15:45:41 log.log_response: Not Found: /api/teachers/
2023-11-10 15:45:41 basehttp.log_message: "GET /api/teachers/ HTTP/1.1" 404 14243
2023-11-10 15:45:43 log.log_response: Not Found: /api/teachers/
2023-11-10 15:45:43 basehttp.log_message: "GET /api/teachers/ HTTP/1.1" 404 14243
2023-11-10 15:45:44 log.log_response: Not Found: /api/teachers/
2023-11-10 15:45:44 basehttp.log_message: "GET /api/teachers/ HTTP/1.1" 404 14242
2023-11-10 15:45:44 log.log_response: Not Found: /api/teachers/
2023-11-10 15:45:44 basehttp.log_message: "GET /api/teachers/ HTTP/1.1" 404 14242
2023-11-10 15:46:15 basehttp.log_message: "GET /api/subjects/ HTTP/1.1" 200 15055
2023-11-10 15:48:17 basehttp.log_message: "GET /api/subjects/ HTTP/1.1" 200 15055
2023-11-10 15:52:45 basehttp.log_message: "GET /api/subjects/ HTTP/1.1" 200 15055
2023-11-10 15:52:55 log.log_response: Not Found: /api/teachers/
2023-11-10 15:52:55 basehttp.log_message: "GET /api/teachers/ HTTP/1.1" 404 14243
2023-11-10 15:53:33 log.log_response: Not Found: /api/teachers/
2023-11-10 15:53:33 basehttp.log_message: "GET /api/teachers/ HTTP/1.1" 404 14243
2023-11-10 15:53:34 log.log_response: Not Found: /api/teachers/
2023-11-10 15:53:34 basehttp.log_message: "GET /api/teachers/ HTTP/1.1" 404 14243
2023-11-10 15:53:35 log.log_response: Not Found: /api/teachers/
2023-11-10 15:53:35 basehttp.log_message: "GET /api/teachers/ HTTP/1.1" 404 14243
2023-11-10 15:53:35 log.log_response: Not Found: /api/teachers/
2023-11-10 15:53:35 basehttp.log_message: "GET /api/teachers/ HTTP/1.1" 404 14243
2023-11-10 15:53:37 basehttp.log_message: "OPTIONS /api/teachers/ HTTP/1.1" 200 14602
2023-11-10 15:53:37 basehttp.log_message: "GET /__debug__/history_sidebar/?store_id=b516119041a945e6bf49adbeb0f8ba95 HTTP/1.1" 200 9117
2023-11-10 15:53:46 log.log_response: Not Found: /api/teachers/
2023-11-10 15:53:46 basehttp.log_message: "GET /api/teachers/?format=json HTTP/1.1" 404 0
2023-11-10 15:53:50 log.log_response: Not Found: /api/teachers/
2023-11-10 15:53:50 basehttp.log_message: "GET /api/teachers/ HTTP/1.1" 404 14242
2023-11-10 15:53:51 log.log_response: Not Found: /api/teachers/
2023-11-10 15:53:51 basehttp.log_message: "GET /api/teachers/?format=api HTTP/1.1" 404 14298
2023-11-10 15:53:55 log.log_response: Not Found: /api/teachers/
2023-11-10 15:53:55 basehttp.log_message: "GET /api/teachers/?format=json HTTP/1.1" 404 0
2023-11-10 15:53:56 log.log_response: Not Found: /api/teachers/
2023-11-10 15:53:56 basehttp.log_message: "GET /api/teachers/?format=json HTTP/1.1" 404 0
2023-11-10 15:54:02 basehttp.log_message: "GET /api/subjects/?format=json HTTP/1.1" 200 378
2023-11-10 15:54:06 basehttp.log_message: "GET /api/subjects/?format=api HTTP/1.1" 200 15110
2023-11-10 15:56:49 basehttp.log_message: "GET /api/teachers HTTP/1.1" 301 0
2023-11-10 15:56:49 log.log_response: Not Found: /api/teachers/
2023-11-10 15:56:49 basehttp.log_message: "GET /api/teachers/ HTTP/1.1" 404 14243
2023-11-10 15:56:57 basehttp.log_message: "GET /static/rest_framework/css/bootstrap.min.css.map HTTP/1.1" 200 540434
2023-11-10 15:57:01 log.log_response: Not Found: /api/teachers/
2023-11-10 15:57:01 basehttp.log_message: "GET /api/teachers/ HTTP/1.1" 404 14243
2023-11-10 15:57:24 autoreload.run_with_reloader: Watching for file changes with StatReloader
2023-11-10 15:57:34 log.log_response: Not Found: /api/teachers/
2023-11-10 15:57:34 basehttp.log_message: "GET /api/teachers/ HTTP/1.1" 404 14243
2023-11-10 15:57:40 log.log_response: Not Found: /api/teachers/
2023-11-10 15:57:40 basehttp.log_message: "GET /api/teachers/ HTTP/1.1" 404 14243
